0-prep 0h0m2s210ms
1-yosys 0h0m44s599ms
2-opensta 0h0m1s500ms
3-verilog2def_openroad 0h0m2s120ms
4-ioPlacer 0h0m1s388ms
5-replace 0h0m14s25ms
6-tapcell 0h0m1s896ms
7-replace 0h0m14s626ms
7-resizer 0h0m10s994ms
8-write_verilog 0h0m1s648ms
9-opensta_post_resizer 0h0m1s219ms
10-opendp 0h0m2s48ms
11-klayout_scrot 0h0m9s824ms
12-yosys 0h0m44s763ms
13-opensta 0h0m1s285ms
14-verilog2def_openroad 0h0m2s107ms
15-ioPlacer 0h0m1s826ms
16-replace 0h0m13s741ms
17-tapcell 0h0m2s205ms
18-replace 0h0m13s808ms
18-resizer 0h0m9s169ms
19-write_verilog 0h0m1s43ms
20-opensta_post_resizer 0h0m1s299ms
21-opendp 0h0m1s892ms
22-klayout_scrot 0h0m5s243ms
23-cts 0h1m23s958ms
24-write_verilog 0h0m1s139ms
25-klayout_scrot 0h0m5s254ms