OpenROAD 0.9.0 1415572a73
This program is licensed under the BSD-3 license. See the LICENSE file for details.
Components of this program may be licensed under more restrictive licenses which must be honored.
Notice 0: Reading LEF file:  /openLANE_flow/designs/picorv32a/runs/nosynthcmds/tmp/merged_unpadded.lef
Notice 0:     Created 13 technology layers
Notice 0:     Created 25 technology vias
Notice 0:     Created 442 library cells
Notice 0: Finished LEF file:  /openLANE_flow/designs/picorv32a/runs/nosynthcmds/tmp/merged_unpadded.lef
Notice 0: 
Reading DEF file: /openLANE_flow/designs/picorv32a/runs/nosynthcmds/tmp/placement/18-resizer.def
Notice 0: Design: picorv32a
Notice 0:     Created 409 pins.
Notice 0:     Created 23264 components and 137425 component-terminals.
Notice 0:     Created 16784 nets and 59663 connections.
Notice 0: Finished DEF file: /openLANE_flow/designs/picorv32a/runs/nosynthcmds/tmp/placement/18-resizer.def
[WARNING DPL-0011] Could not find power special net.
Design Stats
--------------------------------
total instances         23264
multi row instances         0
fixed instances          6582
nets                    16784
design area          434807.0 u^2
fixed area             9446.6 u^2
movable area         152088.4 u^2
utilization                36 %
utilization padded         55 %
rows                      242
row height                2.7 u

Placement Analysis
--------------------------------
total displacement        0.0 u
average displacement      0.0 u
max displacement          0.0 u
original HPWL        817073.7 u
legalized HPWL       830727.7 u
delta HPWL                  2 %

[INFO DPL-0020] Mirrored 6954 instances
[INFO DPL-0021] HPWL before          830727.7 u
[INFO DPL-0022] HPWL after           817073.7 u
[INFO DPL-0023] HPWL delta               -1.6 %
