[INFO]: Current run directory is /openLANE_flow/designs/picorv32a/runs/nosynthcmds
[INFO]: Preparing LEF Files
[INFO]: Extracting the number of available metal layers from /home/vsduser/Desktop/work/tools/openlane_working_dir/pdks/sky130A/libs.ref/sky130_fd_sc_hd/techlef/sky130_fd_sc_hd.tlef
[INFO]: The number of available metal layers is 6
[INFO]: The available metal layers are li1 met1 met2 met3 met4 met5
[INFO]: Merging LEF Files...
[INFO]: Merging the following extra LEFs: /openLANE_flow/designs/picorv32a/src/sky130_vsdinv.lef
[INFO]: Trimming Liberty...
[INFO]: Generating Exclude List...
[INFO]: Storing configs into config.tcl ...
[INFO]: Preparation complete
[INFO]: Merging /openLANE_flow/designs/picorv32a/src/sky130_vsdinv.lef
[INFO]: Running Synthesis...
[INFO]: current step index: 1
[INFO]: Changing netlist from 0 to /openLANE_flow/designs/picorv32a/runs/nosynthcmds/results/synthesis/picorv32a.synthesis.v
[INFO]: Running Static Timing Analysis...
[INFO]: current step index: 2
[INFO]: Synthesis was successful
[INFO]: Running Initial Floorplanning...
[INFO]: current step index: 3
[INFO]: Core area width: 649.52
[INFO]: Core area height: 647.36
[INFO]: Changing layout from 0 to /openLANE_flow/designs/picorv32a/runs/nosynthcmds/tmp/floorplan/3-verilog2def_openroad.def
[INFO]: Running IO Placement...
[INFO]: current step index: 4
[INFO]: Changing layout from /openLANE_flow/designs/picorv32a/runs/nosynthcmds/tmp/floorplan/3-verilog2def_openroad.def to /openLANE_flow/designs/picorv32a/runs/nosynthcmds/tmp/floorplan/4-ioPlacer.def
[INFO]: Running Global Placement...
[INFO]: current step index: 5
[INFO]: Global placement was successful
[INFO]: Changing layout from /openLANE_flow/designs/picorv32a/runs/nosynthcmds/tmp/floorplan/4-ioPlacer.def to /openLANE_flow/designs/picorv32a/runs/nosynthcmds/tmp/placement/5-replace.def
[INFO]: Running Tap/Decap Insertion...
[INFO]: current step index: 6
[INFO]: Changing layout from /openLANE_flow/designs/picorv32a/runs/nosynthcmds/tmp/placement/5-replace.def to /openLANE_flow/designs/picorv32a/runs/nosynthcmds/results/floorplan/picorv32a.floorplan.def
[INFO]: Running Placement...
[INFO]: Running Global Placement...
[INFO]: current step index: 7
[INFO]: Global placement was successful
[INFO]: Changing layout from /openLANE_flow/designs/picorv32a/runs/nosynthcmds/results/floorplan/picorv32a.floorplan.def to /openLANE_flow/designs/picorv32a/runs/nosynthcmds/tmp/placement/7-replace.def
[INFO]: Skipping OpenPhySyn Timing Optimizations.
[INFO]: Running Resizer Design Optimizations...
[INFO]: Generating Exclude List...
[INFO]: Creating ::env(DONT_USE_CELLS)...
[INFO]: Changing layout from /openLANE_flow/designs/picorv32a/runs/nosynthcmds/tmp/placement/7-replace.def to /openLANE_flow/designs/picorv32a/runs/nosynthcmds/tmp/placement/7-resizer.def
[INFO]: Writing Verilog...
[INFO]: current step index: 8
[INFO]: Changing netlist from /openLANE_flow/designs/picorv32a/runs/nosynthcmds/results/synthesis/picorv32a.synthesis.v to /openLANE_flow/designs/picorv32a/runs/nosynthcmds/results/synthesis/picorv32a.synthesis_optimized.v
[INFO]: Running Static Timing Analysis...
[INFO]: current step index: 9
[INFO]: Running Detailed Placement...
[INFO]: current step index: 10
[INFO]: Changing layout from /openLANE_flow/designs/picorv32a/runs/nosynthcmds/tmp/placement/7-resizer.def to /openLANE_flow/designs/picorv32a/runs/nosynthcmds/results/placement/picorv32a.placement.def
[INFO]: Changing layout from /openLANE_flow/designs/picorv32a/runs/nosynthcmds/results/placement/picorv32a.placement.def to /openLANE_flow/designs/picorv32a/runs/nosynthcmds/results/placement/picorv32a.placement.def
[INFO]: Taking a Screenshot of the Layout Using Klayout...
[INFO]: current step index: 11
[INFO]: Screenshot taken.
[INFO]: Running Synthesis...
[INFO]: current step index: 12
[INFO]: Changing netlist from /openLANE_flow/designs/picorv32a/runs/nosynthcmds/results/synthesis/picorv32a.synthesis_optimized.v to /openLANE_flow/designs/picorv32a/runs/nosynthcmds/results/synthesis/picorv32a.synthesis.v
[INFO]: Running Static Timing Analysis...
[INFO]: current step index: 13
[INFO]: Synthesis was successful
[INFO]: Running Initial Floorplanning...
[INFO]: current step index: 14
[INFO]: Core area width: 660.5600000000001
[INFO]: Core area height: 658.24
[INFO]: Changing layout from /openLANE_flow/designs/picorv32a/runs/nosynthcmds/results/placement/picorv32a.placement.def to /openLANE_flow/designs/picorv32a/runs/nosynthcmds/tmp/floorplan/14-verilog2def_openroad.def
[INFO]: Running IO Placement...
[INFO]: current step index: 15
[INFO]: Changing layout from /openLANE_flow/designs/picorv32a/runs/nosynthcmds/tmp/floorplan/14-verilog2def_openroad.def to /openLANE_flow/designs/picorv32a/runs/nosynthcmds/tmp/floorplan/15-ioPlacer.def
[INFO]: Running Global Placement...
[INFO]: current step index: 16
[INFO]: Global placement was successful
[INFO]: Changing layout from /openLANE_flow/designs/picorv32a/runs/nosynthcmds/tmp/floorplan/15-ioPlacer.def to /openLANE_flow/designs/picorv32a/runs/nosynthcmds/tmp/placement/16-replace.def
[INFO]: Running Tap/Decap Insertion...
[INFO]: current step index: 17
[INFO]: Changing layout from /openLANE_flow/designs/picorv32a/runs/nosynthcmds/tmp/placement/16-replace.def to /openLANE_flow/designs/picorv32a/runs/nosynthcmds/results/floorplan/picorv32a.floorplan.def
[INFO]: Running Placement...
[INFO]: Running Global Placement...
[INFO]: current step index: 18
[INFO]: Global placement was successful
[INFO]: Changing layout from /openLANE_flow/designs/picorv32a/runs/nosynthcmds/results/floorplan/picorv32a.floorplan.def to /openLANE_flow/designs/picorv32a/runs/nosynthcmds/tmp/placement/18-replace.def
[INFO]: Skipping OpenPhySyn Timing Optimizations.
[INFO]: Running Resizer Design Optimizations...
[INFO]: Changing layout from /openLANE_flow/designs/picorv32a/runs/nosynthcmds/tmp/placement/18-replace.def to /openLANE_flow/designs/picorv32a/runs/nosynthcmds/tmp/placement/18-resizer.def
[INFO]: Writing Verilog...
[INFO]: current step index: 19
[INFO]: Changing netlist from /openLANE_flow/designs/picorv32a/runs/nosynthcmds/results/synthesis/picorv32a.synthesis.v to /openLANE_flow/designs/picorv32a/runs/nosynthcmds/results/synthesis/picorv32a.synthesis_optimized.v
[INFO]: Running Static Timing Analysis...
[INFO]: current step index: 20
[INFO]: Running Detailed Placement...
[INFO]: current step index: 21
[INFO]: Changing layout from /openLANE_flow/designs/picorv32a/runs/nosynthcmds/tmp/placement/18-resizer.def to /openLANE_flow/designs/picorv32a/runs/nosynthcmds/results/placement/picorv32a.placement.def
[INFO]: Changing layout from /openLANE_flow/designs/picorv32a/runs/nosynthcmds/results/placement/picorv32a.placement.def to /openLANE_flow/designs/picorv32a/runs/nosynthcmds/results/placement/picorv32a.placement.def
[INFO]: Taking a Screenshot of the Layout Using Klayout...
[INFO]: current step index: 22
[INFO]: Screenshot taken.
[INFO]: Running TritonCTS...
[INFO]: current step index: 23
[INFO]: Trimming Liberty...
[INFO]: Generating Exclude List...
[INFO]: Clock Tree Synthesis was successful
[INFO]: Changing layout from /openLANE_flow/designs/picorv32a/runs/nosynthcmds/results/placement/picorv32a.placement.def to /openLANE_flow/designs/picorv32a/runs/nosynthcmds/results/cts/picorv32a.cts.def
[INFO]: Writing Verilog...
[INFO]: current step index: 24
[INFO]: Changing netlist from /openLANE_flow/designs/picorv32a/runs/nosynthcmds/results/synthesis/picorv32a.synthesis_optimized.v to /openLANE_flow/designs/picorv32a/runs/nosynthcmds/results/synthesis/picorv32a.synthesis_cts.v
[INFO]: Taking a Screenshot of the Layout Using Klayout...
[INFO]: current step index: 25
[INFO]: Screenshot taken.
[INFO]: Running Initial Floorplanning...
[INFO]: current step index: 26
[INFO]: Core area width: 660.5600000000001
[INFO]: Core area height: 658.24
[INFO]: Changing layout from /openLANE_flow/designs/picorv32a/runs/nosynthcmds/results/cts/picorv32a.cts.def to /openLANE_flow/designs/picorv32a/runs/nosynthcmds/tmp/floorplan/26-verilog2def_openroad.def
[INFO]: Running IO Placement...
[INFO]: current step index: 27
[INFO]: Changing layout from /openLANE_flow/designs/picorv32a/runs/nosynthcmds/tmp/floorplan/26-verilog2def_openroad.def to /openLANE_flow/designs/picorv32a/runs/nosynthcmds/tmp/floorplan/27-ioPlacer.def
[INFO]: Running Global Placement...
[INFO]: current step index: 28
[INFO]: Global placement was successful
[INFO]: Changing layout from /openLANE_flow/designs/picorv32a/runs/nosynthcmds/tmp/floorplan/27-ioPlacer.def to /openLANE_flow/designs/picorv32a/runs/nosynthcmds/tmp/placement/28-replace.def
[INFO]: Running Tap/Decap Insertion...
[INFO]: current step index: 29
[INFO]: Changing layout from /openLANE_flow/designs/picorv32a/runs/nosynthcmds/tmp/placement/28-replace.def to /openLANE_flow/designs/picorv32a/runs/nosynthcmds/results/floorplan/picorv32a.floorplan.def
[INFO]: Running Placement...
[INFO]: Running Global Placement...
[INFO]: current step index: 30
[INFO]: Global placement was successful
[INFO]: Changing layout from /openLANE_flow/designs/picorv32a/runs/nosynthcmds/results/floorplan/picorv32a.floorplan.def to /openLANE_flow/designs/picorv32a/runs/nosynthcmds/tmp/placement/30-replace.def
[INFO]: Skipping OpenPhySyn Timing Optimizations.
[INFO]: Running Resizer Design Optimizations...
[INFO]: Changing layout from /openLANE_flow/designs/picorv32a/runs/nosynthcmds/tmp/placement/30-replace.def to /openLANE_flow/designs/picorv32a/runs/nosynthcmds/tmp/placement/30-resizer.def
[INFO]: Writing Verilog...
[INFO]: current step index: 31
[INFO]: Changing netlist from /openLANE_flow/designs/picorv32a/runs/nosynthcmds/results/synthesis/picorv32a.synthesis_cts.v to /openLANE_flow/designs/picorv32a/runs/nosynthcmds/results/synthesis/picorv32a.synthesis_optimized.v
[INFO]: Running Static Timing Analysis...
[INFO]: current step index: 32
[INFO]: Running Detailed Placement...
[INFO]: current step index: 33
[INFO]: Changing layout from /openLANE_flow/designs/picorv32a/runs/nosynthcmds/tmp/placement/30-resizer.def to /openLANE_flow/designs/picorv32a/runs/nosynthcmds/results/placement/picorv32a.placement.def
[INFO]: Changing layout from /openLANE_flow/designs/picorv32a/runs/nosynthcmds/results/placement/picorv32a.placement.def to /openLANE_flow/designs/picorv32a/runs/nosynthcmds/results/placement/picorv32a.placement.def
[INFO]: Taking a Screenshot of the Layout Using Klayout...
[INFO]: current step index: 34
[INFO]: Screenshot taken.
[INFO]: Running TritonCTS...
[INFO]: current step index: 35
[INFO]: Clock Tree Synthesis was successful
[INFO]: Changing layout from /openLANE_flow/designs/picorv32a/runs/nosynthcmds/results/placement/picorv32a.placement.def to /openLANE_flow/designs/picorv32a/runs/nosynthcmds/results/cts/picorv32a.cts.def
[INFO]: Writing Verilog...
[INFO]: current step index: 36
[INFO]: Changing netlist from /openLANE_flow/designs/picorv32a/runs/nosynthcmds/results/synthesis/picorv32a.synthesis_optimized.v to /openLANE_flow/designs/picorv32a/runs/nosynthcmds/results/synthesis/picorv32a.synthesis_cts.v
[INFO]: Taking a Screenshot of the Layout Using Klayout...
[INFO]: current step index: 37
[INFO]: Screenshot taken.
[INFO]: Running TritonCTS...
[INFO]: current step index: 38
[ERROR]: during executing: "openroad -exit /openLANE_flow/scripts/openroad/or_cts.tcl |& tee >&@stdout /openLANE_flow/designs/picorv32a/runs/nosynthcmds/logs/cts/38-cts.log"
[ERROR]: Exit code: 1
[ERROR]: Last 10 lines:
child process exited abnormally

[ERROR]: Please check openroad  log file
[ERROR]: Dumping to /openLANE_flow/designs/picorv32a/runs/nosynthcmds/error.log
[INFO]: Calculating Runtime From the Start...
[INFO]: Flow failed for picorv32a/16-08_02-37 in 0h35m41s
[INFO]: Generating Final Summary Report...
[INFO]: Design Name: picorv32a
Run Directory: /openLANE_flow/designs/picorv32a/runs/nosynthcmds
Source not found.
----------------------------------------

LVS Summary:
Source: /openLANE_flow/designs/picorv32a/runs/nosynthcmds/results/lvs/picorv32a.lvs_parsed.gds.log
Source not found.
----------------------------------------

Antenna Summary:
No antenna report found.
[INFO]: check full report here: /openLANE_flow/designs/picorv32a/runs/nosynthcmds/reports/final_summary_report.csv
[ERROR]: Flow Failed.
[INFO]: Running TritonCTS...
[INFO]: current step index: 39
[INFO]: Clock Tree Synthesis was successful
[INFO]: Changing layout from /openLANE_flow/designs/picorv32a/runs/nosynthcmds/results/placement/picorv32a.placement.def to /openLANE_flow/designs/picorv32a/runs/nosynthcmds/results/cts/picorv32a.cts.def
[INFO]: Writing Verilog...
[INFO]: current step index: 40
[INFO]: Changing netlist from /openLANE_flow/designs/picorv32a/runs/nosynthcmds/results/synthesis/picorv32a.synthesis_cts.v to /openLANE_flow/designs/picorv32a/runs/nosynthcmds/results/synthesis/picorv32a.synthesis_cts.v
[INFO]: Taking a Screenshot of the Layout Using Klayout...
[INFO]: current step index: 41
[INFO]: Screenshot taken.
[WARNING]: A run for picorv32a with tag 'nosynthcmds' already exists. Pass -overwrite option to overwrite it
[INFO]: Now you can run commands that pick up where 'nosynthcmds' left off
[INFO]: Current run directory is /openLANE_flow/designs/picorv32a/runs/nosynthcmds
[INFO]: Sourcing /openLANE_flow/designs/picorv32a/runs/nosynthcmds/config.tcl
Any changes to the DESIGN config file will NOT be applied
[INFO]: Current DEF: /openLANE_flow/designs/picorv32a/runs/nosynthcmds/results/cts/picorv32a.cts.def.
[INFO]: Use 'set_def file_name.def' if you'd like to change it.
[INFO]: Storing configs into config.tcl ...
[INFO]: Preparation complete
[INFO]: Merging /openLANE_flow/designs/picorv32a/src/sky130_vsdinv.lef
[INFO]: Running Synthesis...
[WARNING]: A netlist at /openLANE_flow/designs/picorv32a/runs/nosynthcmds/results/synthesis/picorv32a.synthesis.v already exists...
[WARNING]: Skipping synthesis
[INFO]: Changing netlist from /openLANE_flow/designs/picorv32a/runs/nosynthcmds/results/synthesis/picorv32a.synthesis_cts.v to /openLANE_flow/designs/picorv32a/runs/nosynthcmds/results/synthesis/picorv32a.synthesis.v
[INFO]: Running Static Timing Analysis...
[INFO]: current step index: 42
[INFO]: Synthesis was successful
[INFO]: Running Initial Floorplanning...
[INFO]: current step index: 43
[INFO]: Core area width: 660.5600000000001
[INFO]: Core area height: 658.24
[INFO]: Changing layout from /openLANE_flow/designs/picorv32a/runs/nosynthcmds/results/cts/picorv32a.cts.def to /openLANE_flow/designs/picorv32a/runs/nosynthcmds/tmp/floorplan/43-verilog2def_openroad.def
[INFO]: Running IO Placement...
[INFO]: current step index: 44
[INFO]: Changing layout from /openLANE_flow/designs/picorv32a/runs/nosynthcmds/tmp/floorplan/43-verilog2def_openroad.def to /openLANE_flow/designs/picorv32a/runs/nosynthcmds/tmp/floorplan/44-ioPlacer.def
[INFO]: Running Global Placement...
[INFO]: current step index: 45
[INFO]: Global placement was successful
[INFO]: Changing layout from /openLANE_flow/designs/picorv32a/runs/nosynthcmds/tmp/floorplan/44-ioPlacer.def to /openLANE_flow/designs/picorv32a/runs/nosynthcmds/tmp/placement/45-replace.def
[INFO]: Running Tap/Decap Insertion...
[INFO]: current step index: 46
[INFO]: Changing layout from /openLANE_flow/designs/picorv32a/runs/nosynthcmds/tmp/placement/45-replace.def to /openLANE_flow/designs/picorv32a/runs/nosynthcmds/results/floorplan/picorv32a.floorplan.def
[INFO]: Running Placement...
[INFO]: Running Global Placement...
[INFO]: current step index: 47
[INFO]: Global placement was successful
[INFO]: Changing layout from /openLANE_flow/designs/picorv32a/runs/nosynthcmds/results/floorplan/picorv32a.floorplan.def to /openLANE_flow/designs/picorv32a/runs/nosynthcmds/tmp/placement/47-replace.def
[INFO]: Skipping OpenPhySyn Timing Optimizations.
[INFO]: Running Resizer Design Optimizations...
[INFO]: Generating Exclude List...
[INFO]: Creating ::env(DONT_USE_CELLS)...
[INFO]: Changing layout from /openLANE_flow/designs/picorv32a/runs/nosynthcmds/tmp/placement/47-replace.def to /openLANE_flow/designs/picorv32a/runs/nosynthcmds/tmp/placement/47-resizer.def
[INFO]: Writing Verilog...
[INFO]: current step index: 48
[INFO]: Changing netlist from /openLANE_flow/designs/picorv32a/runs/nosynthcmds/results/synthesis/picorv32a.synthesis.v to /openLANE_flow/designs/picorv32a/runs/nosynthcmds/results/synthesis/picorv32a.synthesis_optimized.v
[INFO]: Running Static Timing Analysis...
[INFO]: current step index: 49
[INFO]: Running Detailed Placement...
[INFO]: current step index: 50
[INFO]: Changing layout from /openLANE_flow/designs/picorv32a/runs/nosynthcmds/tmp/placement/47-resizer.def to /openLANE_flow/designs/picorv32a/runs/nosynthcmds/results/placement/picorv32a.placement.def
[INFO]: Changing layout from /openLANE_flow/designs/picorv32a/runs/nosynthcmds/results/placement/picorv32a.placement.def to /openLANE_flow/designs/picorv32a/runs/nosynthcmds/results/placement/picorv32a.placement.def
[INFO]: Taking a Screenshot of the Layout Using Klayout...
[INFO]: current step index: 51
[INFO]: Screenshot taken.
[INFO]: Running Synthesis...
[INFO]: current step index: 52
[INFO]: Changing netlist from /openLANE_flow/designs/picorv32a/runs/nosynthcmds/results/synthesis/picorv32a.synthesis_optimized.v to /openLANE_flow/designs/picorv32a/runs/nosynthcmds/results/synthesis/picorv32a.synthesis.v
[INFO]: Running Static Timing Analysis...
[INFO]: current step index: 53
[INFO]: Synthesis was successful
[INFO]: Running Floorplanning...
[INFO]: Running Initial Floorplanning...
[INFO]: current step index: 54
[INFO]: Core area width: 660.5600000000001
[INFO]: Core area height: 658.24
[INFO]: Changing layout from /openLANE_flow/designs/picorv32a/runs/nosynthcmds/results/placement/picorv32a.placement.def to /openLANE_flow/designs/picorv32a/runs/nosynthcmds/tmp/floorplan/54-verilog2def_openroad.def
[INFO]: Running IO Placement...
[INFO]: current step index: 55
[INFO]: Changing layout from /openLANE_flow/designs/picorv32a/runs/nosynthcmds/tmp/floorplan/54-verilog2def_openroad.def to /openLANE_flow/designs/picorv32a/runs/nosynthcmds/tmp/floorplan/55-ioPlacer.def
[INFO]: Running Global Placement...
[INFO]: current step index: 56
[INFO]: Global placement was successful
[INFO]: Changing layout from /openLANE_flow/designs/picorv32a/runs/nosynthcmds/tmp/floorplan/55-ioPlacer.def to /openLANE_flow/designs/picorv32a/runs/nosynthcmds/tmp/placement/56-replace.def
[INFO]: Running Basic Macro Placement
[INFO]: current step index: 57
[ERROR]: during executing: "openroad -exit /openLANE_flow/scripts/openroad/or_basic_mp.tcl |& tee >&@stdout /openLANE_flow/designs/picorv32a/runs/nosynthcmds/logs/placement/57-basic_mp.log"
[ERROR]: Exit code: 1
[ERROR]: Last 10 lines:
child process exited abnormally

[ERROR]: Please check openroad  log file
[ERROR]: Dumping to /openLANE_flow/designs/picorv32a/runs/nosynthcmds/error.log
[INFO]: Calculating Runtime From the Start...
[INFO]: Flow failed for picorv32a/16-08_02-37 in 0h5m8s
[INFO]: Generating Final Summary Report...
[INFO]: Design Name: picorv32a
Run Directory: /openLANE_flow/designs/picorv32a/runs/nosynthcmds
Source not found.
----------------------------------------

LVS Summary:
Source: /openLANE_flow/designs/picorv32a/runs/nosynthcmds/results/lvs/picorv32a.lvs_parsed.gds.log
Source not found.
----------------------------------------

Antenna Summary:
No antenna report found.
[INFO]: check full report here: /openLANE_flow/designs/picorv32a/runs/nosynthcmds/reports/final_summary_report.csv
[ERROR]: Flow Failed.
[INFO]: Running Initial Floorplanning...
[INFO]: current step index: 58
[INFO]: Core area width: 660.5600000000001
[INFO]: Core area height: 658.24
[INFO]: Changing layout from /openLANE_flow/designs/picorv32a/runs/nosynthcmds/tmp/placement/56-replace.def to /openLANE_flow/designs/picorv32a/runs/nosynthcmds/tmp/floorplan/58-verilog2def_openroad.def
[INFO]: Running IO Placement...
[INFO]: current step index: 59
[INFO]: Changing layout from /openLANE_flow/designs/picorv32a/runs/nosynthcmds/tmp/floorplan/58-verilog2def_openroad.def to /openLANE_flow/designs/picorv32a/runs/nosynthcmds/tmp/floorplan/59-ioPlacer.def
[INFO]: Running Global Placement...
[INFO]: current step index: 60
[INFO]: Global placement was successful
[INFO]: Changing layout from /openLANE_flow/designs/picorv32a/runs/nosynthcmds/tmp/floorplan/59-ioPlacer.def to /openLANE_flow/designs/picorv32a/runs/nosynthcmds/tmp/placement/60-replace.def
[INFO]: Running Tap/Decap Insertion...
[INFO]: current step index: 61
[INFO]: Changing layout from /openLANE_flow/designs/picorv32a/runs/nosynthcmds/tmp/placement/60-replace.def to /openLANE_flow/designs/picorv32a/runs/nosynthcmds/results/floorplan/picorv32a.floorplan.def
[INFO]: Running Placement...
[INFO]: Running Global Placement...
[INFO]: current step index: 62
[INFO]: Global placement was successful
[INFO]: Changing layout from /openLANE_flow/designs/picorv32a/runs/nosynthcmds/results/floorplan/picorv32a.floorplan.def to /openLANE_flow/designs/picorv32a/runs/nosynthcmds/tmp/placement/62-replace.def
[INFO]: Skipping OpenPhySyn Timing Optimizations.
[INFO]: Running Resizer Design Optimizations...
[INFO]: Changing layout from /openLANE_flow/designs/picorv32a/runs/nosynthcmds/tmp/placement/62-replace.def to /openLANE_flow/designs/picorv32a/runs/nosynthcmds/tmp/placement/62-resizer.def
[INFO]: Writing Verilog...
[INFO]: current step index: 63
[INFO]: Changing netlist from /openLANE_flow/designs/picorv32a/runs/nosynthcmds/results/synthesis/picorv32a.synthesis.v to /openLANE_flow/designs/picorv32a/runs/nosynthcmds/results/synthesis/picorv32a.synthesis_optimized.v
[INFO]: Running Static Timing Analysis...
[INFO]: current step index: 64
[INFO]: Running Detailed Placement...
[INFO]: current step index: 65
[INFO]: Changing layout from /openLANE_flow/designs/picorv32a/runs/nosynthcmds/tmp/placement/62-resizer.def to /openLANE_flow/designs/picorv32a/runs/nosynthcmds/results/placement/picorv32a.placement.def
[INFO]: Changing layout from /openLANE_flow/designs/picorv32a/runs/nosynthcmds/results/placement/picorv32a.placement.def to /openLANE_flow/designs/picorv32a/runs/nosynthcmds/results/placement/picorv32a.placement.def
[INFO]: Taking a Screenshot of the Layout Using Klayout...
[INFO]: current step index: 66
[INFO]: Screenshot taken.
[INFO]: Running TritonCTS...
[INFO]: current step index: 67
[INFO]: Trimming Liberty...
[INFO]: Generating Exclude List...
[INFO]: Clock Tree Synthesis was successful
[INFO]: Changing layout from /openLANE_flow/designs/picorv32a/runs/nosynthcmds/results/placement/picorv32a.placement.def to /openLANE_flow/designs/picorv32a/runs/nosynthcmds/results/cts/picorv32a.cts.def
[INFO]: Writing Verilog...
[INFO]: current step index: 68
[INFO]: Changing netlist from /openLANE_flow/designs/picorv32a/runs/nosynthcmds/results/synthesis/picorv32a.synthesis_optimized.v to /openLANE_flow/designs/picorv32a/runs/nosynthcmds/results/synthesis/picorv32a.synthesis_cts.v
[INFO]: Taking a Screenshot of the Layout Using Klayout...
[INFO]: current step index: 69
[INFO]: Screenshot taken.
[INFO]: Running TritonCTS...
[INFO]: current step index: 70
[ERROR]: during executing: "openroad -exit /openLANE_flow/scripts/openroad/or_cts.tcl |& tee >&@stdout /openLANE_flow/designs/picorv32a/runs/nosynthcmds/logs/cts/70-cts.log"
[ERROR]: Exit code: 1
[ERROR]: Last 10 lines:
child process exited abnormally

[ERROR]: Please check openroad  log file
[ERROR]: Dumping to /openLANE_flow/designs/picorv32a/runs/nosynthcmds/error.log
[INFO]: Running TritonCTS...
[INFO]: current step index: 71
[INFO]: Clock Tree Synthesis was successful
[INFO]: Changing layout from /openLANE_flow/designs/picorv32a/runs/nosynthcmds/results/placement/picorv32a.placement.def to /openLANE_flow/designs/picorv32a/runs/nosynthcmds/results/cts/picorv32a.cts.def
[INFO]: Writing Verilog...
[INFO]: current step index: 72
[INFO]: Changing netlist from /openLANE_flow/designs/picorv32a/runs/nosynthcmds/results/synthesis/picorv32a.synthesis_cts.v to /openLANE_flow/designs/picorv32a/runs/nosynthcmds/results/synthesis/picorv32a.synthesis_cts.v
[INFO]: Taking a Screenshot of the Layout Using Klayout...
[INFO]: current step index: 73
[INFO]: Screenshot taken.
[INFO]: Generating PDN...
[INFO]: current step index: 74
[INFO]: PDN generation was successful.
[INFO]: Changing layout from /openLANE_flow/designs/picorv32a/runs/nosynthcmds/results/cts/picorv32a.cts.def to /openLANE_flow/designs/picorv32a/runs/nosynthcmds/tmp/floorplan/74-pdn.def
[INFO]: Routing...
[INFO]: Running Global Routing...
[INFO]: current step index: 75
[INFO]: Changing layout from /openLANE_flow/designs/picorv32a/runs/nosynthcmds/tmp/floorplan/74-pdn.def to /openLANE_flow/designs/picorv32a/runs/nosynthcmds/tmp/routing/75-fastroute.def
[INFO]: Changing layout from 0 to /openLANE_flow/designs/picorv32a/runs/nosynthcmds/tmp/routing/75-fastroute.guide
[INFO]: Changing layout from /openLANE_flow/designs/picorv32a/runs/nosynthcmds/tmp/routing/75-fastroute.def to /openLANE_flow/designs/picorv32a/runs/nosynthcmds/tmp/routing/75-fastroute.def
[INFO]: Changing layout from /openLANE_flow/designs/picorv32a/runs/nosynthcmds/tmp/routing/75-fastroute.guide to /openLANE_flow/designs/picorv32a/runs/nosynthcmds/tmp/routing/75-fastroute.guide
[INFO]: Current Def is /openLANE_flow/designs/picorv32a/runs/nosynthcmds/tmp/routing/75-fastroute.def
[INFO]: Current Guide is /openLANE_flow/designs/picorv32a/runs/nosynthcmds/tmp/routing/75-fastroute.guide
[INFO]: Running Fill Insertion...
[INFO]: current step index: 76
[INFO]: Changing layout from /openLANE_flow/designs/picorv32a/runs/nosynthcmds/tmp/routing/75-fastroute.def to /openLANE_flow/designs/picorv32a/runs/nosynthcmds/tmp/routing/76-addspacers.def
[INFO]: Writing Verilog...
[INFO]: current step index: 77
[INFO]: Changing netlist from /openLANE_flow/designs/picorv32a/runs/nosynthcmds/results/synthesis/picorv32a.synthesis_cts.v to /openLANE_flow/designs/picorv32a/runs/nosynthcmds/results/synthesis/picorv32a.synthesis_preroute.v
[INFO]: Running Detailed Routing...
[INFO]: current step index: 78
[INFO]: No DRC violations after detailed routing.
[INFO]: Changing layout from /openLANE_flow/designs/picorv32a/runs/nosynthcmds/tmp/routing/76-addspacers.def to /openLANE_flow/designs/picorv32a/runs/nosynthcmds/results/routing/picorv32a.def
[INFO]: Taking a Screenshot of the Layout Using Klayout...
[INFO]: current step index: 79
[INFO]: Screenshot taken.
[INFO]: Running SPEF Extraction...
[INFO]: current step index: 80
[INFO]: Running Static Timing Analysis...
[INFO]: current step index: 81
[INFO]: Calculating Runtime From the Start...
[INFO]: Routing completed for picorv32a/16-08_02-37 in 0h32m39s
[INFO]: Running TritonCTS...
[INFO]: current step index: 82
[ERROR]: during executing: "openroad -exit /openLANE_flow/scripts/openroad/or_cts.tcl |& tee >&@stdout /openLANE_flow/designs/picorv32a/runs/nosynthcmds/logs/cts/82-cts.log"
[ERROR]: Exit code: 1
[ERROR]: Last 10 lines:
child process exited abnormally

[ERROR]: Please check openroad  log file
[ERROR]: Dumping to /openLANE_flow/designs/picorv32a/runs/nosynthcmds/error.log
