Startpoint: _29347_ (rising edge-triggered flip-flop clocked by clk)
Endpoint: _29347_ (rising edge-triggered flip-flop clocked by clk)
Path Group: clk
Path Type: min

Fanout     Cap    Slew   Delay    Time   Description
-----------------------------------------------------------------------------
                  0.00    0.00    0.00   clock clk (rise edge)
                          0.00    0.00   clock network delay (ideal)
                  0.00    0.00    0.00 ^ _29347_/CLK (sky130_fd_sc_hd__dfxtp_1)
                  0.04    0.18    0.18 ^ _29347_/Q (sky130_fd_sc_hd__dfxtp_1)
     2    0.00                           cpuregs[0][0] (net)
                  0.04    0.00    0.18 ^ _17885_/A (sky130_fd_sc_hd__clkbuf_1)
                  0.02    0.05    0.23 ^ _17885_/X (sky130_fd_sc_hd__clkbuf_1)
     1    0.00                           _02835_ (net)
                  0.02    0.00    0.23 ^ _29347_/D (sky130_fd_sc_hd__dfxtp_1)
                                  0.23   data arrival time

                  0.00    0.00    0.00   clock clk (rise edge)
                          0.00    0.00   clock network delay (ideal)
                          0.00    0.00   clock reconvergence pessimism
                                  0.00 ^ _29347_/CLK (sky130_fd_sc_hd__dfxtp_1)
                         -0.02   -0.02   library hold time
                                 -0.02   data required time
-----------------------------------------------------------------------------
                                 -0.02   data required time
                                 -0.23   data arrival time
-----------------------------------------------------------------------------
                                  0.25   slack (MET)


Startpoint: _29052_ (rising edge-triggered flip-flop clocked by clk)
Endpoint: _30440_ (rising edge-triggered flip-flop clocked by clk)
Path Group: clk
Path Type: max

Fanout     Cap    Slew   Delay    Time   Description
-----------------------------------------------------------------------------
                  0.00    0.00    0.00   clock clk (rise edge)
                          0.00    0.00   clock network delay (ideal)
                  0.00    0.00    0.00 ^ _29052_/CLK (sky130_fd_sc_hd__dfxtp_2)
                  0.06    0.59    0.59 v _29052_/Q (sky130_fd_sc_hd__dfxtp_2)
     4    0.01                           irq_pending[3] (net)
                  0.06    0.00    0.59 v _14460_/A (sky130_vsdinv)
                  0.22    0.19    0.78 ^ _14460_/Y (sky130_vsdinv)
     3    0.02                           _11622_ (net)
                  0.22    0.00    0.78 ^ _14461_/B2 (sky130_fd_sc_hd__o22ai_1)
                  0.10    0.17    0.95 v _14461_/Y (sky130_fd_sc_hd__o22ai_1)
     1    0.00                           _11623_ (net)
                  0.10    0.00    0.95 v _14462_/C1 (sky130_fd_sc_hd__a221o_1)
                  0.09    0.49    1.44 v _14462_/X (sky130_fd_sc_hd__a221o_1)
     1    0.00                           _11624_ (net)
                  0.09    0.00    1.44 v _14481_/A (sky130_fd_sc_hd__or4_4)
                  0.14    1.03    2.47 v _14481_/X (sky130_fd_sc_hd__or4_4)
     1    0.00                           _11643_ (net)
                  0.14    0.00    2.47 v _14509_/A1 (sky130_fd_sc_hd__o2111a_1)
                  0.09    0.47    2.94 v _14509_/X (sky130_fd_sc_hd__o2111a_1)
     2    0.00                           _11671_ (net)
                  0.09    0.00    2.94 v _14510_/C (sky130_fd_sc_hd__or3_4)
                  0.13    0.67    3.61 v _14510_/X (sky130_fd_sc_hd__or3_4)
     4    0.01                           _11672_ (net)
                  0.13    0.00    3.61 v _14513_/A (sky130_fd_sc_hd__or2_1)
                  0.12    0.54    4.15 v _14513_/X (sky130_fd_sc_hd__or2_1)
     2    0.00                           _11674_ (net)
                  0.12    0.00    4.15 v _14514_/C (sky130_fd_sc_hd__or3_4)
                  0.13    0.68    4.83 v _14514_/X (sky130_fd_sc_hd__or3_4)
     4    0.01                           _11675_ (net)
                  0.13    0.00    4.83 v _15166_/B (sky130_fd_sc_hd__or2_1)
                  0.10    0.49    5.32 v _15166_/X (sky130_fd_sc_hd__or2_1)
     2    0.00                           _12148_ (net)
                  0.10    0.00    5.32 v _15167_/C (sky130_fd_sc_hd__or3_1)
                  0.15    0.74    6.05 v _15167_/X (sky130_fd_sc_hd__or3_1)
     2    0.00                           _12149_ (net)
                  0.15    0.00    6.05 v _15168_/B (sky130_fd_sc_hd__or2_2)
                  0.14    0.69    6.75 v _15168_/X (sky130_fd_sc_hd__or2_2)
     3    0.01                           _12150_ (net)
                  0.14    0.00    6.75 v _15169_/B (sky130_fd_sc_hd__or2_1)
                  0.11    0.49    7.24 v _15169_/X (sky130_fd_sc_hd__or2_1)
     2    0.00                           _12151_ (net)
                  0.11    0.00    7.24 v _15170_/B (sky130_fd_sc_hd__or2_2)
                  0.14    0.68    7.92 v _15170_/X (sky130_fd_sc_hd__or2_2)
     3    0.01                           _12152_ (net)
                  0.14    0.00    7.92 v _15171_/B (sky130_fd_sc_hd__or2_1)
                  0.11    0.49    8.41 v _15171_/X (sky130_fd_sc_hd__or2_1)
     2    0.00                           _12153_ (net)
                  0.11    0.00    8.41 v _15172_/B (sky130_fd_sc_hd__or2_2)
                  0.14    0.68    9.09 v _15172_/X (sky130_fd_sc_hd__or2_2)
     3    0.01                           _12154_ (net)
                  0.14    0.00    9.09 v _15173_/B (sky130_fd_sc_hd__or2_1)
                  0.11    0.49    9.58 v _15173_/X (sky130_fd_sc_hd__or2_1)
     2    0.00                           _12155_ (net)
                  0.11    0.00    9.58 v _15174_/B (sky130_fd_sc_hd__or2_1)
                  0.13    0.51   10.09 v _15174_/X (sky130_fd_sc_hd__or2_1)
     3    0.01                           _12156_ (net)
                  0.13    0.00   10.09 v _15175_/B (sky130_fd_sc_hd__or2_1)
                  0.11    0.49   10.58 v _15175_/X (sky130_fd_sc_hd__or2_1)
     2    0.00                           _12157_ (net)
                  0.11    0.00   10.58 v _15176_/B (sky130_fd_sc_hd__or2_1)
                  0.13    0.51   11.09 v _15176_/X (sky130_fd_sc_hd__or2_1)
     3    0.01                           _12158_ (net)
                  0.13    0.00   11.09 v _15177_/B (sky130_fd_sc_hd__or2_1)
                  0.11    0.49   11.58 v _15177_/X (sky130_fd_sc_hd__or2_1)
     2    0.00                           _12159_ (net)
                  0.11    0.00   11.58 v _15178_/B (sky130_fd_sc_hd__or2_2)
                  0.14    0.68   12.26 v _15178_/X (sky130_fd_sc_hd__or2_2)
     3    0.01                           _12160_ (net)
                  0.14    0.00   12.26 v _15179_/B (sky130_fd_sc_hd__or2_1)
                  0.11    0.49   12.75 v _15179_/X (sky130_fd_sc_hd__or2_1)
     2    0.00                           _12161_ (net)
                  0.11    0.00   12.75 v _15180_/B (sky130_fd_sc_hd__or2_2)
                  0.14    0.68   13.43 v _15180_/X (sky130_fd_sc_hd__or2_2)
     3    0.01                           _12162_ (net)
                  0.14    0.00   13.43 v _15181_/B (sky130_fd_sc_hd__or2_1)
                  0.11    0.49   13.92 v _15181_/X (sky130_fd_sc_hd__or2_1)
     2    0.00                           _12163_ (net)
                  0.11    0.00   13.92 v _15182_/B (sky130_fd_sc_hd__or2_1)
                  0.15    0.53   14.45 v _15182_/X (sky130_fd_sc_hd__or2_1)
     3    0.01                           _12164_ (net)
                  0.15    0.00   14.45 v _15183_/B (sky130_fd_sc_hd__or2_1)
                  0.11    0.50   14.94 v _15183_/X (sky130_fd_sc_hd__or2_1)
     2    0.00                           _12165_ (net)
                  0.11    0.00   14.94 v _15184_/B (sky130_fd_sc_hd__or2_2)
                  0.14    0.68   15.62 v _15184_/X (sky130_fd_sc_hd__or2_2)
     3    0.01                           _12166_ (net)
                  0.14    0.00   15.62 v _15185_/B (sky130_fd_sc_hd__or2_1)
                  0.11    0.49   16.12 v _15185_/X (sky130_fd_sc_hd__or2_1)
     2    0.00                           _12167_ (net)
                  0.11    0.00   16.12 v _15186_/B (sky130_fd_sc_hd__or2_2)
                  0.14    0.68   16.79 v _15186_/X (sky130_fd_sc_hd__or2_2)
     3    0.01                           _12168_ (net)
                  0.14    0.00   16.79 v _15187_/B (sky130_fd_sc_hd__or2_1)
                  0.11    0.49   17.29 v _15187_/X (sky130_fd_sc_hd__or2_1)
     2    0.00                           _12169_ (net)
                  0.11    0.00   17.29 v _15188_/B (sky130_fd_sc_hd__or2_2)
                  0.14    0.68   17.96 v _15188_/X (sky130_fd_sc_hd__or2_2)
     3    0.01                           _12170_ (net)
                  0.14    0.00   17.96 v _15189_/B (sky130_fd_sc_hd__or2_1)
                  0.11    0.49   18.46 v _15189_/X (sky130_fd_sc_hd__or2_1)
     2    0.00                           _12171_ (net)
                  0.11    0.00   18.46 v _15190_/B (sky130_fd_sc_hd__or2_1)
                  0.15    0.53   18.99 v _15190_/X (sky130_fd_sc_hd__or2_1)
     3    0.01                           _12172_ (net)
                  0.15    0.00   18.99 v _15191_/B (sky130_fd_sc_hd__or2_1)
                  0.11    0.50   19.48 v _15191_/X (sky130_fd_sc_hd__or2_1)
     2    0.00                           _12173_ (net)
                  0.11    0.00   19.48 v _15192_/B (sky130_fd_sc_hd__or2_2)
                  0.14    0.68   20.16 v _15192_/X (sky130_fd_sc_hd__or2_2)
     3    0.01                           _12174_ (net)
                  0.14    0.00   20.16 v _15193_/B (sky130_fd_sc_hd__or2_1)
                  0.11    0.49   20.65 v _15193_/X (sky130_fd_sc_hd__or2_1)
     2    0.00                           _12175_ (net)
                  0.11    0.00   20.65 v _15194_/B (sky130_fd_sc_hd__or2_1)
                  0.15    0.53   21.18 v _15194_/X (sky130_fd_sc_hd__or2_1)
     3    0.01                           _12176_ (net)
                  0.15    0.00   21.18 v _15195_/B (sky130_fd_sc_hd__or2_1)
                  0.11    0.50   21.68 v _15195_/X (sky130_fd_sc_hd__or2_1)
     2    0.00                           _12177_ (net)
                  0.11    0.00   21.68 v _15196_/B (sky130_fd_sc_hd__or2_2)
                  0.14    0.68   22.36 v _15196_/X (sky130_fd_sc_hd__or2_2)
     3    0.01                           _12178_ (net)
                  0.14    0.00   22.36 v _15197_/B (sky130_fd_sc_hd__or2_1)
                  0.11    0.49   22.85 v _15197_/X (sky130_fd_sc_hd__or2_1)
     2    0.00                           _12179_ (net)
                  0.11    0.00   22.85 v _15198_/B (sky130_fd_sc_hd__or2_2)
                  0.14    0.68   23.53 v _15198_/X (sky130_fd_sc_hd__or2_2)
     3    0.01                           _12180_ (net)
                  0.14    0.00   23.53 v _15199_/B (sky130_fd_sc_hd__or2_1)
                  0.11    0.49   24.02 v _15199_/X (sky130_fd_sc_hd__or2_1)
     2    0.00                           _12181_ (net)
                  0.11    0.00   24.02 v _15200_/B (sky130_fd_sc_hd__or2_2)
                  0.14    0.68   24.70 v _15200_/X (sky130_fd_sc_hd__or2_2)
     3    0.01                           _12182_ (net)
                  0.14    0.00   24.70 v _15201_/B (sky130_fd_sc_hd__or2_1)
                  0.11    0.49   25.19 v _15201_/X (sky130_fd_sc_hd__or2_1)
     2    0.00                           _12183_ (net)
                  0.11    0.00   25.19 v _15202_/B (sky130_fd_sc_hd__or2_2)
                  0.14    0.68   25.87 v _15202_/X (sky130_fd_sc_hd__or2_2)
     3    0.01                           _12184_ (net)
                  0.14    0.00   25.87 v _15203_/B (sky130_fd_sc_hd__or2_1)
                  0.11    0.49   26.36 v _15203_/X (sky130_fd_sc_hd__or2_1)
     2    0.00                           _12185_ (net)
                  0.11    0.00   26.36 v _15204_/B (sky130_fd_sc_hd__or2_1)
                  0.13    0.51   26.87 v _15204_/X (sky130_fd_sc_hd__or2_1)
     3    0.01                           _12186_ (net)
                  0.13    0.00   26.87 v _15205_/B (sky130_fd_sc_hd__or2_1)
                  0.11    0.49   27.36 v _15205_/X (sky130_fd_sc_hd__or2_1)
     2    0.00                           _12187_ (net)
                  0.11    0.00   27.36 v _15206_/B (sky130_fd_sc_hd__or2_1)
                  0.15    0.53   27.89 v _15206_/X (sky130_fd_sc_hd__or2_1)
     3    0.01                           _12188_ (net)
                  0.15    0.00   27.89 v _15207_/B (sky130_fd_sc_hd__or2_1)
                  0.11    0.50   28.39 v _15207_/X (sky130_fd_sc_hd__or2_1)
     2    0.00                           _12189_ (net)
                  0.11    0.00   28.39 v _15208_/B (sky130_fd_sc_hd__or2_2)
                  0.14    0.68   29.06 v _15208_/X (sky130_fd_sc_hd__or2_2)
     3    0.01                           _12190_ (net)
                  0.14    0.00   29.06 v _15209_/B (sky130_fd_sc_hd__or2_1)
                  0.11    0.49   29.56 v _15209_/X (sky130_fd_sc_hd__or2_1)
     2    0.00                           _12191_ (net)
                  0.11    0.00   29.56 v _15210_/B (sky130_fd_sc_hd__or2_2)
                  0.14    0.68   30.23 v _15210_/X (sky130_fd_sc_hd__or2_2)
     3    0.01                           _12192_ (net)
                  0.14    0.00   30.23 v _15211_/B (sky130_fd_sc_hd__or2_1)
                  0.11    0.49   30.73 v _15211_/X (sky130_fd_sc_hd__or2_1)
     2    0.00                           _12193_ (net)
                  0.11    0.00   30.73 v _15212_/B (sky130_fd_sc_hd__or2_1)
                  0.13    0.51   31.24 v _15212_/X (sky130_fd_sc_hd__or2_1)
     3    0.01                           _12194_ (net)
                  0.13    0.00   31.24 v _15213_/B (sky130_fd_sc_hd__or2_1)
                  0.11    0.49   31.73 v _15213_/X (sky130_fd_sc_hd__or2_1)
     2    0.00                           _12195_ (net)
                  0.11    0.00   31.73 v _15214_/B (sky130_fd_sc_hd__or2_1)
                  0.15    0.53   32.26 v _15214_/X (sky130_fd_sc_hd__or2_1)
     3    0.01                           _12196_ (net)
                  0.15    0.00   32.26 v _15215_/B (sky130_fd_sc_hd__or2_1)
                  0.11    0.50   32.75 v _15215_/X (sky130_fd_sc_hd__or2_1)
     2    0.00                           _12197_ (net)
                  0.11    0.00   32.75 v _15216_/B (sky130_fd_sc_hd__or2_2)
                  0.14    0.68   33.43 v _15216_/X (sky130_fd_sc_hd__or2_2)
     3    0.01                           _12198_ (net)
                  0.14    0.00   33.43 v _15217_/B (sky130_fd_sc_hd__or2_1)
                  0.11    0.49   33.92 v _15217_/X (sky130_fd_sc_hd__or2_1)
     2    0.00                           _12199_ (net)
                  0.11    0.00   33.92 v _15218_/B (sky130_fd_sc_hd__or2_1)
                  0.15    0.53   34.45 v _15218_/X (sky130_fd_sc_hd__or2_1)
     3    0.01                           _12200_ (net)
                  0.15    0.00   34.45 v _15219_/B (sky130_fd_sc_hd__or2_1)
                  0.11    0.50   34.95 v _15219_/X (sky130_fd_sc_hd__or2_1)
     2    0.00                           _12201_ (net)
                  0.11    0.00   34.95 v _15220_/B (sky130_fd_sc_hd__or2_2)
                  0.14    0.68   35.62 v _15220_/X (sky130_fd_sc_hd__or2_2)
     3    0.01                           _12202_ (net)
                  0.14    0.00   35.62 v _15221_/B (sky130_fd_sc_hd__or2_1)
                  0.11    0.49   36.12 v _15221_/X (sky130_fd_sc_hd__or2_1)
     2    0.00                           _12203_ (net)
                  0.11    0.00   36.12 v _15222_/B (sky130_fd_sc_hd__or2_2)
                  0.14    0.68   36.79 v _15222_/X (sky130_fd_sc_hd__or2_2)
     3    0.01                           _12204_ (net)
                  0.14    0.00   36.79 v _15223_/B (sky130_fd_sc_hd__or2_1)
                  0.11    0.49   37.29 v _15223_/X (sky130_fd_sc_hd__or2_1)
     2    0.00                           _12205_ (net)
                  0.11    0.00   37.29 v _15224_/B (sky130_fd_sc_hd__or2_2)
                  0.14    0.68   37.97 v _15224_/X (sky130_fd_sc_hd__or2_2)
     3    0.01                           _12206_ (net)
                  0.14    0.00   37.97 v _15225_/B (sky130_fd_sc_hd__or2_1)
                  0.11    0.49   38.46 v _15225_/X (sky130_fd_sc_hd__or2_1)
     2    0.00                           _12207_ (net)
                  0.11    0.00   38.46 v _15226_/B (sky130_fd_sc_hd__or2_2)
                  0.14    0.68   39.14 v _15226_/X (sky130_fd_sc_hd__or2_2)
     3    0.01                           _12208_ (net)
                  0.14    0.00   39.14 v _15227_/B (sky130_fd_sc_hd__or2_1)
                  0.12    0.51   39.65 v _15227_/X (sky130_fd_sc_hd__or2_1)
     2    0.00                           _12209_ (net)
                  0.12    0.00   39.65 v _15230_/B2 (sky130_fd_sc_hd__o221a_1)
                  0.08    0.39   40.04 v _15230_/X (sky130_fd_sc_hd__o221a_1)
     1    0.00                           _03928_ (net)
                  0.08    0.00   40.04 v _30440_/D (sky130_fd_sc_hd__dfxtp_1)
                                 40.04   data arrival time

                  0.00   24.73   24.73   clock clk (rise edge)
                          0.00   24.73   clock network delay (ideal)
                          0.00   24.73   clock reconvergence pessimism
                                 24.73 ^ _30440_/CLK (sky130_fd_sc_hd__dfxtp_1)
                         -0.29   24.44   library setup time
                                 24.44   data required time
-----------------------------------------------------------------------------
                                 24.44   data required time
                                -40.04   data arrival time
-----------------------------------------------------------------------------
                                -15.60   slack (VIOLATED)


