Startpoint: _29376_ (rising edge-triggered flip-flop clocked by clk)
Endpoint: _29376_ (rising edge-triggered flip-flop clocked by clk)
Path Group: clk
Path Type: min

Fanout     Cap    Slew   Delay    Time   Description
-----------------------------------------------------------------------------
                  0.00    0.00    0.00   clock clk (rise edge)
                          0.00    0.00   clock network delay (ideal)
                  0.00    0.00    0.00 ^ _29376_/CLK (sky130_fd_sc_hd__dfxtp_1)
                  0.01    0.16    0.16 ^ _29376_/Q (sky130_fd_sc_hd__dfxtp_1)
     2    0.00                           cpuregs[0][29] (net)
                  0.01    0.00    0.16 ^ _17856_/A (sky130_fd_sc_hd__clkbuf_1)
                  0.03    0.04    0.20 ^ _17856_/X (sky130_fd_sc_hd__clkbuf_1)
     1    0.00                           _02864_ (net)
                  0.03    0.00    0.20 ^ _29376_/D (sky130_fd_sc_hd__dfxtp_1)
                                  0.20   data arrival time

                  0.00    0.00    0.00   clock clk (rise edge)
                          0.00    0.00   clock network delay (ideal)
                          0.00    0.00   clock reconvergence pessimism
                                  0.00 ^ _29376_/CLK (sky130_fd_sc_hd__dfxtp_1)
                         -0.02   -0.02   library hold time
                                 -0.02   data required time
-----------------------------------------------------------------------------
                                 -0.02   data required time
                                 -0.20   data arrival time
-----------------------------------------------------------------------------
                                  0.22   slack (MET)


Startpoint: _29043_ (rising edge-triggered flip-flop clocked by clk)
Endpoint: _30440_ (rising edge-triggered flip-flop clocked by clk)
Path Group: clk
Path Type: max

Fanout     Cap    Slew   Delay    Time   Description
-----------------------------------------------------------------------------
                  0.00    0.00    0.00   clock clk (rise edge)
                          0.00    0.00   clock network delay (ideal)
                  0.00    0.00    0.00 ^ _29043_/CLK (sky130_fd_sc_hd__dfxtp_2)
                  0.15    0.67    0.67 v _29043_/Q (sky130_fd_sc_hd__dfxtp_2)
     4    0.03                           irq_pending[12] (net)
                  0.15    0.00    0.67 v _14484_/A (sky130_vsdinv)
                  0.22    0.23    0.90 ^ _14484_/Y (sky130_vsdinv)
     3    0.02                           _11646_ (net)
                  0.22    0.00    0.90 ^ _14486_/A2 (sky130_fd_sc_hd__o22ai_1)
                  0.11    0.20    1.10 v _14486_/Y (sky130_fd_sc_hd__o22ai_1)
     1    0.00                           _11648_ (net)
                  0.11    0.00    1.10 v _14487_/C1 (sky130_fd_sc_hd__a221o_1)
                  0.09    0.50    1.60 v _14487_/X (sky130_fd_sc_hd__a221o_1)
     1    0.00                           _11649_ (net)
                  0.09    0.00    1.60 v _14506_/A (sky130_fd_sc_hd__or4_4)
                  0.17    1.08    2.68 v _14506_/X (sky130_fd_sc_hd__or4_4)
     1    0.01                           _11668_ (net)
                  0.17    0.00    2.68 v _14509_/A2 (sky130_fd_sc_hd__o2111a_1)
                  0.13    0.51    3.19 v _14509_/X (sky130_fd_sc_hd__o2111a_1)
     2    0.01                           _11671_ (net)
                  0.13    0.00    3.19 v _14510_/C (sky130_fd_sc_hd__or3_4)
                  0.15    0.72    3.91 v _14510_/X (sky130_fd_sc_hd__or3_4)
     4    0.01                           _11672_ (net)
                  0.15    0.00    3.91 v _14513_/A (sky130_fd_sc_hd__or2_1)
                  0.12    0.55    4.47 v _14513_/X (sky130_fd_sc_hd__or2_1)
     2    0.01                           _11674_ (net)
                  0.12    0.00    4.47 v _14514_/C (sky130_fd_sc_hd__or3_4)
                  0.13    0.68    5.15 v _14514_/X (sky130_fd_sc_hd__or3_4)
     4    0.01                           _11675_ (net)
                  0.13    0.00    5.15 v _15166_/B (sky130_fd_sc_hd__or2_1)
                  0.12    0.51    5.66 v _15166_/X (sky130_fd_sc_hd__or2_1)
     2    0.00                           _12148_ (net)
                  0.12    0.00    5.66 v _15167_/C (sky130_fd_sc_hd__or3_1)
                  0.16    0.76    6.42 v _15167_/X (sky130_fd_sc_hd__or3_1)
     2    0.00                           _12149_ (net)
                  0.16    0.00    6.42 v _15168_/B (sky130_fd_sc_hd__or2_2)
                  0.09    0.62    7.04 v _15168_/X (sky130_fd_sc_hd__or2_2)
     3    0.00                           _12150_ (net)
                  0.09    0.00    7.04 v _15169_/B (sky130_fd_sc_hd__or2_1)
                  0.12    0.49    7.52 v _15169_/X (sky130_fd_sc_hd__or2_1)
     2    0.00                           _12151_ (net)
                  0.12    0.00    7.52 v _15170_/B (sky130_fd_sc_hd__or2_2)
                  0.11    0.63    8.15 v _15170_/X (sky130_fd_sc_hd__or2_2)
     3    0.00                           _12152_ (net)
                  0.11    0.00    8.15 v _15171_/B (sky130_fd_sc_hd__or2_1)
                  0.12    0.50    8.66 v _15171_/X (sky130_fd_sc_hd__or2_1)
     2    0.00                           _12153_ (net)
                  0.12    0.00    8.66 v _15172_/B (sky130_fd_sc_hd__or2_2)
                  0.14    0.69    9.35 v _15172_/X (sky130_fd_sc_hd__or2_2)
     3    0.01                           _12154_ (net)
                  0.14    0.00    9.35 v _15173_/B (sky130_fd_sc_hd__or2_1)
                  0.12    0.51    9.86 v _15173_/X (sky130_fd_sc_hd__or2_1)
     2    0.00                           _12155_ (net)
                  0.12    0.00    9.86 v _15174_/B (sky130_fd_sc_hd__or2_1)
                  0.14    0.53   10.39 v _15174_/X (sky130_fd_sc_hd__or2_1)
     3    0.01                           _12156_ (net)
                  0.14    0.00   10.39 v _15175_/B (sky130_fd_sc_hd__or2_1)
                  0.12    0.51   10.90 v _15175_/X (sky130_fd_sc_hd__or2_1)
     2    0.00                           _12157_ (net)
                  0.12    0.00   10.90 v _15176_/B (sky130_fd_sc_hd__or2_1)
                  0.15    0.54   11.44 v _15176_/X (sky130_fd_sc_hd__or2_1)
     3    0.01                           _12158_ (net)
                  0.15    0.00   11.44 v _15177_/B (sky130_fd_sc_hd__or2_1)
                  0.09    0.48   11.91 v _15177_/X (sky130_fd_sc_hd__or2_1)
     2    0.00                           _12159_ (net)
                  0.09    0.00   11.91 v _15178_/B (sky130_fd_sc_hd__or2_2)
                  0.16    0.70   12.61 v _15178_/X (sky130_fd_sc_hd__or2_2)
     3    0.01                           _12160_ (net)
                  0.16    0.00   12.62 v _15179_/B (sky130_fd_sc_hd__or2_1)
                  0.07    0.45   13.06 v _15179_/X (sky130_fd_sc_hd__or2_1)
     2    0.00                           _12161_ (net)
                  0.07    0.00   13.06 v _15180_/B (sky130_fd_sc_hd__or2_2)
                  0.14    0.68   13.74 v _15180_/X (sky130_fd_sc_hd__or2_2)
     3    0.01                           _12162_ (net)
                  0.14    0.00   13.74 v _15181_/B (sky130_fd_sc_hd__or2_1)
                  0.08    0.45   14.20 v _15181_/X (sky130_fd_sc_hd__or2_1)
     2    0.00                           _12163_ (net)
                  0.08    0.00   14.20 v _15182_/B (sky130_fd_sc_hd__or2_1)
                  0.10    0.46   14.66 v _15182_/X (sky130_fd_sc_hd__or2_1)
     3    0.00                           _12164_ (net)
                  0.10    0.00   14.66 v _15183_/B (sky130_fd_sc_hd__or2_1)
                  0.09    0.46   15.12 v _15183_/X (sky130_fd_sc_hd__or2_1)
     2    0.00                           _12165_ (net)
                  0.09    0.00   15.12 v _15184_/B (sky130_fd_sc_hd__or2_2)
                  0.14    0.68   15.80 v _15184_/X (sky130_fd_sc_hd__or2_2)
     3    0.01                           _12166_ (net)
                  0.14    0.00   15.80 v _15185_/B (sky130_fd_sc_hd__or2_1)
                  0.12    0.52   16.31 v _15185_/X (sky130_fd_sc_hd__or2_1)
     2    0.01                           _12167_ (net)
                  0.12    0.00   16.31 v _15186_/B (sky130_fd_sc_hd__or2_2)
                  0.15    0.70   17.01 v _15186_/X (sky130_fd_sc_hd__or2_2)
     3    0.01                           _12168_ (net)
                  0.15    0.00   17.01 v _15187_/B (sky130_fd_sc_hd__or2_1)
                  0.12    0.53   17.54 v _15187_/X (sky130_fd_sc_hd__or2_1)
     2    0.01                           _12169_ (net)
                  0.12    0.00   17.54 v _15188_/B (sky130_fd_sc_hd__or2_2)
                  0.15    0.71   18.24 v _15188_/X (sky130_fd_sc_hd__or2_2)
     3    0.01                           _12170_ (net)
                  0.15    0.00   18.25 v _15189_/B (sky130_fd_sc_hd__or2_1)
                  0.09    0.48   18.73 v _15189_/X (sky130_fd_sc_hd__or2_1)
     2    0.00                           _12171_ (net)
                  0.09    0.00   18.73 v _15190_/B (sky130_fd_sc_hd__or2_1)
                  0.16    0.54   19.27 v _15190_/X (sky130_fd_sc_hd__or2_1)
     3    0.01                           _12172_ (net)
                  0.16    0.00   19.27 v _15191_/B (sky130_fd_sc_hd__or2_1)
                  0.11    0.51   19.78 v _15191_/X (sky130_fd_sc_hd__or2_1)
     2    0.00                           _12173_ (net)
                  0.11    0.00   19.78 v _15192_/B (sky130_fd_sc_hd__or2_2)
                  0.15    0.70   20.49 v _15192_/X (sky130_fd_sc_hd__or2_2)
     3    0.01                           _12174_ (net)
                  0.15    0.00   20.49 v _15193_/B (sky130_fd_sc_hd__or2_1)
                  0.09    0.48   20.97 v _15193_/X (sky130_fd_sc_hd__or2_1)
     2    0.00                           _12175_ (net)
                  0.09    0.00   20.97 v _15194_/B (sky130_fd_sc_hd__or2_1)
                  0.10    0.47   21.43 v _15194_/X (sky130_fd_sc_hd__or2_1)
     3    0.00                           _12176_ (net)
                  0.10    0.00   21.43 v _15195_/B (sky130_fd_sc_hd__or2_1)
                  0.11    0.49   21.92 v _15195_/X (sky130_fd_sc_hd__or2_1)
     2    0.00                           _12177_ (net)
                  0.11    0.00   21.92 v _15196_/B (sky130_fd_sc_hd__or2_2)
                  0.15    0.69   22.62 v _15196_/X (sky130_fd_sc_hd__or2_2)
     3    0.01                           _12178_ (net)
                  0.15    0.00   22.62 v _15197_/B (sky130_fd_sc_hd__or2_1)
                  0.12    0.51   23.13 v _15197_/X (sky130_fd_sc_hd__or2_1)
     2    0.00                           _12179_ (net)
                  0.12    0.00   23.13 v _15198_/B (sky130_fd_sc_hd__or2_2)
                  0.15    0.69   23.82 v _15198_/X (sky130_fd_sc_hd__or2_2)
     3    0.01                           _12180_ (net)
                  0.15    0.00   23.82 v _15199_/B (sky130_fd_sc_hd__or2_1)
                  0.07    0.45   24.27 v _15199_/X (sky130_fd_sc_hd__or2_1)
     2    0.00                           _12181_ (net)
                  0.07    0.00   24.27 v _15200_/B (sky130_fd_sc_hd__or2_2)
                  0.14    0.67   24.94 v _15200_/X (sky130_fd_sc_hd__or2_2)
     3    0.01                           _12182_ (net)
                  0.14    0.00   24.94 v _15201_/B (sky130_fd_sc_hd__or2_1)
                  0.09    0.47   25.41 v _15201_/X (sky130_fd_sc_hd__or2_1)
     2    0.00                           _12183_ (net)
                  0.09    0.00   25.41 v _15202_/B (sky130_fd_sc_hd__or2_2)
                  0.15    0.68   26.09 v _15202_/X (sky130_fd_sc_hd__or2_2)
     3    0.01                           _12184_ (net)
                  0.15    0.00   26.09 v _15203_/B (sky130_fd_sc_hd__or2_1)
                  0.11    0.50   26.59 v _15203_/X (sky130_fd_sc_hd__or2_1)
     2    0.00                           _12185_ (net)
                  0.11    0.00   26.59 v _15204_/B (sky130_fd_sc_hd__or2_1)
                  0.14    0.53   27.13 v _15204_/X (sky130_fd_sc_hd__or2_1)
     3    0.01                           _12186_ (net)
                  0.14    0.00   27.13 v _15205_/B (sky130_fd_sc_hd__or2_1)
                  0.12    0.51   27.64 v _15205_/X (sky130_fd_sc_hd__or2_1)
     2    0.00                           _12187_ (net)
                  0.12    0.00   27.64 v _15206_/B (sky130_fd_sc_hd__or2_1)
                  0.15    0.54   28.18 v _15206_/X (sky130_fd_sc_hd__or2_1)
     3    0.01                           _12188_ (net)
                  0.15    0.00   28.18 v _15207_/B (sky130_fd_sc_hd__or2_1)
                  0.10    0.49   28.67 v _15207_/X (sky130_fd_sc_hd__or2_1)
     2    0.00                           _12189_ (net)
                  0.10    0.00   28.67 v _15208_/B (sky130_fd_sc_hd__or2_2)
                  0.16    0.71   29.38 v _15208_/X (sky130_fd_sc_hd__or2_2)
     3    0.01                           _12190_ (net)
                  0.16    0.00   29.38 v _15209_/B (sky130_fd_sc_hd__or2_1)
                  0.13    0.53   29.91 v _15209_/X (sky130_fd_sc_hd__or2_1)
     2    0.01                           _12191_ (net)
                  0.13    0.00   29.91 v _15210_/B (sky130_fd_sc_hd__or2_2)
                  0.15    0.70   30.61 v _15210_/X (sky130_fd_sc_hd__or2_2)
     3    0.01                           _12192_ (net)
                  0.15    0.00   30.61 v _15211_/B (sky130_fd_sc_hd__or2_1)
                  0.12    0.51   31.12 v _15211_/X (sky130_fd_sc_hd__or2_1)
     2    0.00                           _12193_ (net)
                  0.12    0.00   31.12 v _15212_/B (sky130_fd_sc_hd__or2_1)
                  0.12    0.51   31.63 v _15212_/X (sky130_fd_sc_hd__or2_1)
     3    0.01                           _12194_ (net)
                  0.12    0.00   31.63 v _15213_/B (sky130_fd_sc_hd__or2_1)
                  0.10    0.47   32.11 v _15213_/X (sky130_fd_sc_hd__or2_1)
     2    0.00                           _12195_ (net)
                  0.10    0.00   32.11 v _15214_/B (sky130_fd_sc_hd__or2_1)
                  0.13    0.51   32.62 v _15214_/X (sky130_fd_sc_hd__or2_1)
     3    0.01                           _12196_ (net)
                  0.13    0.00   32.62 v _15215_/B (sky130_fd_sc_hd__or2_1)
                  0.12    0.51   33.13 v _15215_/X (sky130_fd_sc_hd__or2_1)
     2    0.00                           _12197_ (net)
                  0.12    0.00   33.13 v _15216_/B (sky130_fd_sc_hd__or2_2)
                  0.09    0.59   33.72 v _15216_/X (sky130_fd_sc_hd__or2_2)
     3    0.00                           _12198_ (net)
                  0.09    0.00   33.72 v _15217_/B (sky130_fd_sc_hd__or2_1)
                  0.12    0.50   34.21 v _15217_/X (sky130_fd_sc_hd__or2_1)
     2    0.01                           _12199_ (net)
                  0.12    0.00   34.21 v _15218_/B (sky130_fd_sc_hd__or2_1)
                  0.16    0.55   34.76 v _15218_/X (sky130_fd_sc_hd__or2_1)
     3    0.01                           _12200_ (net)
                  0.16    0.00   34.76 v _15219_/B (sky130_fd_sc_hd__or2_1)
                  0.12    0.52   35.28 v _15219_/X (sky130_fd_sc_hd__or2_1)
     2    0.00                           _12201_ (net)
                  0.12    0.00   35.28 v _15220_/B (sky130_fd_sc_hd__or2_2)
                  0.09    0.60   35.88 v _15220_/X (sky130_fd_sc_hd__or2_2)
     3    0.00                           _12202_ (net)
                  0.09    0.00   35.88 v _15221_/B (sky130_fd_sc_hd__or2_1)
                  0.11    0.49   36.36 v _15221_/X (sky130_fd_sc_hd__or2_1)
     2    0.00                           _12203_ (net)
                  0.11    0.00   36.36 v _15222_/B (sky130_fd_sc_hd__or2_2)
                  0.15    0.69   37.06 v _15222_/X (sky130_fd_sc_hd__or2_2)
     3    0.01                           _12204_ (net)
                  0.15    0.00   37.06 v _15223_/B (sky130_fd_sc_hd__or2_1)
                  0.10    0.49   37.54 v _15223_/X (sky130_fd_sc_hd__or2_1)
     2    0.00                           _12205_ (net)
                  0.10    0.00   37.54 v _15224_/B (sky130_fd_sc_hd__or2_2)
                  0.16    0.70   38.25 v _15224_/X (sky130_fd_sc_hd__or2_2)
     3    0.01                           _12206_ (net)
                  0.16    0.00   38.25 v _15225_/B (sky130_fd_sc_hd__or2_1)
                  0.12    0.52   38.77 v _15225_/X (sky130_fd_sc_hd__or2_1)
     2    0.01                           _12207_ (net)
                  0.12    0.00   38.77 v _15226_/B (sky130_fd_sc_hd__or2_2)
                  0.15    0.70   39.47 v _15226_/X (sky130_fd_sc_hd__or2_2)
     3    0.01                           _12208_ (net)
                  0.15    0.00   39.47 v _15227_/B (sky130_fd_sc_hd__or2_1)
                  0.10    0.49   39.95 v _15227_/X (sky130_fd_sc_hd__or2_1)
     2    0.00                           _12209_ (net)
                  0.10    0.00   39.95 v _15230_/B2 (sky130_fd_sc_hd__o221a_1)
                  0.09    0.40   40.35 v _15230_/X (sky130_fd_sc_hd__o221a_1)
     1    0.00                           _03928_ (net)
                  0.09    0.00   40.35 v _30440_/D (sky130_fd_sc_hd__dfxtp_1)
                                 40.35   data arrival time

                  0.00   24.73   24.73   clock clk (rise edge)
                          0.00   24.73   clock network delay (ideal)
                          0.00   24.73   clock reconvergence pessimism
                                 24.73 ^ _30440_/CLK (sky130_fd_sc_hd__dfxtp_1)
                         -0.30   24.43   library setup time
                                 24.43   data required time
-----------------------------------------------------------------------------
                                 24.43   data required time
                                -40.35   data arrival time
-----------------------------------------------------------------------------
                                -15.91   slack (VIOLATED)


