Wed Aug 16 12:22:23 UTC 2023 - Executing "python3 /openLANE_flow/scripts/extract_metal_layers.py -t /home/vsduser/Desktop/work/tools/openlane_working_dir/pdks/sky130A/libs.ref/sky130_fd_sc_hd/techlef/sky130_fd_sc_hd.tlef -o /openLANE_flow/designs/picorv32a/runs/nosynthcmds/tmp/met_layers_list.txt"

Wed Aug 16 12:22:24 UTC 2023 - Executing "/openLANE_flow/scripts/mergeLef.py -i /home/vsduser/Desktop/work/tools/openlane_working_dir/pdks/sky130A/libs.ref/sky130_fd_sc_hd/techlef/sky130_fd_sc_hd.tlef {/home/vsduser/Desktop/work/tools/openlane_working_dir/pdks/sky130A/libs.ref/sky130_fd_sc_hd/lef/sky130_fd_sc_hd.lef /home/vsduser/Desktop/work/tools/openlane_working_dir/pdks/sky130A/libs.ref/sky130_fd_sc_hd/lef/sky130_ef_sc_hd__fill_12.lef /home/vsduser/Desktop/work/tools/openlane_working_dir/pdks/sky130A/libs.ref/sky130_fd_sc_hd/lef/sky130_ef_sc_hd__decap_12.lef /home/vsduser/Desktop/work/tools/openlane_working_dir/pdks/sky130A/libs.ref/sky130_fd_sc_hd/lef/sky130_ef_sc_hd__fakediode_2.lef} -o /openLANE_flow/designs/picorv32a/runs/nosynthcmds/tmp/merged_unpadded.lef |& tee >&@stdout"

Wed Aug 16 12:22:25 UTC 2023 - Executing "/openLANE_flow/scripts/mergeLef.py -i /openLANE_flow/designs/picorv32a/runs/nosynthcmds/tmp/merged_unpadded.lef /openLANE_flow/designs/picorv32a/src/sky130_vsdinv.lef -o /openLANE_flow/designs/picorv32a/runs/nosynthcmds/tmp/merged_unpadded.lef |& tee >&@stdout"

Wed Aug 16 12:22:25 UTC 2023 - Executing "/openLANE_flow/scripts/libtrim.pl /openLANE_flow/designs/picorv32a/src/sky130_fd_sc_hd__typical.lib /openLANE_flow/designs/picorv32a/runs/nosynthcmds/tmp/trimmed.lib.exclude.list > /openLANE_flow/designs/picorv32a/runs/nosynthcmds/tmp/trimmed.lib"

Wed Aug 16 12:22:25 UTC 2023 - Executing "echo {openlane v0.21} > /openLANE_flow/designs/picorv32a/runs/nosynthcmds/OPENLANE_VERSION"

Wed Aug 16 12:22:34 UTC 2023 - Executing "/openLANE_flow/scripts/mergeLef.py -i /openLANE_flow/designs/picorv32a/runs/nosynthcmds/tmp/merged.lef /openLANE_flow/designs/picorv32a/src/sky130_vsdinv.lef -o /openLANE_flow/designs/picorv32a/runs/nosynthcmds/tmp/merged.lef.new"

Wed Aug 16 12:22:34 UTC 2023 - Executing "/openLANE_flow/scripts/mergeLef.py -i /openLANE_flow/designs/picorv32a/runs/nosynthcmds/tmp/merged_unpadded.lef /openLANE_flow/designs/picorv32a/src/sky130_vsdinv.lef -o /openLANE_flow/designs/picorv32a/runs/nosynthcmds/tmp/merged_unpadded.lef.new"

Wed Aug 16 12:22:34 UTC 2023 - Executing "mv /openLANE_flow/designs/picorv32a/runs/nosynthcmds/tmp/merged.lef.new /openLANE_flow/designs/picorv32a/runs/nosynthcmds/tmp/merged.lef"

Wed Aug 16 12:22:34 UTC 2023 - Executing "mv /openLANE_flow/designs/picorv32a/runs/nosynthcmds/tmp/merged_unpadded.lef.new /openLANE_flow/designs/picorv32a/runs/nosynthcmds/tmp/merged_unpadded.lef"

Wed Aug 16 12:23:35 UTC 2023 - Executing "sed -E {s/^([[:space:]]+)pg_pin(.*)/\1pin\2\n\1    direction : "inout";/g} /openLANE_flow/designs/picorv32a/src/sky130_fd_sc_hd__typical.lib > /openLANE_flow/designs/picorv32a/runs/nosynthcmds/tmp/sky130_fd_sc_hd__typical.no_pg.lib"

Wed Aug 16 12:23:35 UTC 2023 - Executing "yosys -c /openLANE_flow/scripts/synth.tcl -l /openLANE_flow/designs/picorv32a/runs/nosynthcmds/logs/synthesis/1-yosys.log |& tee >&@stdout"

Wed Aug 16 12:24:19 UTC 2023 - Executing "sed -i -e {s/\(set ::env(CURRENT_NETLIST)\).*/\1 \/openLANE_flow\/designs\/picorv32a\/runs\/nosynthcmds\/results\/synthesis\/picorv32a.synthesis.v/} /openLANE_flow/designs/picorv32a/runs/nosynthcmds/config.tcl"

Wed Aug 16 12:24:19 UTC 2023 - Executing "sed -i -e {s/\(set ::env(PREV_NETLIST)\).*/\1 0/} /openLANE_flow/designs/picorv32a/runs/nosynthcmds/config.tcl"

Wed Aug 16 12:24:19 UTC 2023 - Executing "sed -i /defparam/d /openLANE_flow/designs/picorv32a/runs/nosynthcmds/results/synthesis/picorv32a.synthesis.v"

Wed Aug 16 12:24:19 UTC 2023 - Executing "sta /openLANE_flow/scripts/sta.tcl |& tee >&@stdout /openLANE_flow/designs/picorv32a/runs/nosynthcmds/logs/synthesis/2-opensta"

Wed Aug 16 12:24:29 UTC 2023 - Executing "openroad -exit /openLANE_flow/scripts/openroad/or_floorplan.tcl |& tee >&@stdout /openLANE_flow/designs/picorv32a/runs/nosynthcmds/logs/floorplan/3-verilog2def.openroad.log"

Wed Aug 16 12:24:33 UTC 2023 - Executing "openroad -exit /openLANE_flow/scripts/openroad/or_ioplacer.tcl |& tee >&@stdout /openLANE_flow/designs/picorv32a/runs/nosynthcmds/logs/floorplan/4-ioPlacer.log"

Wed Aug 16 12:24:36 UTC 2023 - Executing "openroad -exit /openLANE_flow/scripts/openroad/or_replace.tcl |& tee >&@stdout /openLANE_flow/designs/picorv32a/runs/nosynthcmds/logs/placement/5-replace.log"

Wed Aug 16 12:24:51 UTC 2023 - Executing "openroad -exit /openLANE_flow/scripts/openroad/or_tapcell.tcl |& tee >&@stdout /openLANE_flow/designs/picorv32a/runs/nosynthcmds/logs/floorplan/6-tapcell.log"

Wed Aug 16 12:24:58 UTC 2023 - Executing "openroad -exit /openLANE_flow/scripts/openroad/or_replace.tcl |& tee >&@stdout /openLANE_flow/designs/picorv32a/runs/nosynthcmds/logs/placement/7-replace.log"

Wed Aug 16 12:25:13 UTC 2023 - Executing "openroad -exit /openLANE_flow/scripts/openroad/or_resizer.tcl |& tee >&@stdout /openLANE_flow/designs/picorv32a/runs/nosynthcmds/logs/placement/7-resizer.log"

Wed Aug 16 12:25:24 UTC 2023 - Executing "openroad -exit /openLANE_flow/scripts/openroad/or_write_verilog.tcl |& tee >&@stdout /openLANE_flow/designs/picorv32a/runs/nosynthcmds/logs/8-write_verilog.log"

Wed Aug 16 12:25:25 UTC 2023 - Executing "sed -i -e {s/\(set ::env(CURRENT_NETLIST)\).*/\1 \/openLANE_flow\/designs\/picorv32a\/runs\/nosynthcmds\/results\/synthesis\/picorv32a.synthesis_optimized.v/} /openLANE_flow/designs/picorv32a/runs/nosynthcmds/config.tcl"

Wed Aug 16 12:25:25 UTC 2023 - Executing "sed -i -e {s/\(set ::env(PREV_NETLIST)\).*/\1 \/openLANE_flow\/designs\/picorv32a\/runs\/nosynthcmds\/results\/synthesis\/picorv32a.synthesis.v/} /openLANE_flow/designs/picorv32a/runs/nosynthcmds/config.tcl"

Wed Aug 16 12:25:25 UTC 2023 - Executing "sta /openLANE_flow/scripts/sta.tcl |& tee >&@stdout /openLANE_flow/designs/picorv32a/runs/nosynthcmds/logs/synthesis/9-opensta_post_resizer"

Wed Aug 16 12:25:27 UTC 2023 - Executing "openroad -exit /openLANE_flow/scripts/openroad/or_opendp.tcl |& tee >&@stdout /openLANE_flow/designs/picorv32a/runs/nosynthcmds/logs/placement/10-opendp.log"

Wed Aug 16 12:25:29 UTC 2023 - Executing "bash /openLANE_flow/scripts/klayout/scrotLayout.sh /home/vsduser/Desktop/work/tools/openlane_working_dir/pdks/sky130A/libs.tech/klayout/sky130A.lyt /openLANE_flow/designs/picorv32a/runs/nosynthcmds/results/placement/picorv32a.placement.def |& tee >&@stdout /openLANE_flow/designs/picorv32a/runs/nosynthcmds/logs/klayout/11-klayout.scrot.log"

Wed Aug 16 12:26:28 UTC 2023 - Executing "sed -E {s/^([[:space:]]+)pg_pin(.*)/\1pin\2\n\1    direction : "inout";/g} /openLANE_flow/designs/picorv32a/src/sky130_fd_sc_hd__typical.lib > /openLANE_flow/designs/picorv32a/runs/nosynthcmds/tmp/sky130_fd_sc_hd__typical.no_pg.lib"

Wed Aug 16 12:26:28 UTC 2023 - Executing "yosys -c /openLANE_flow/scripts/synth.tcl -l /openLANE_flow/designs/picorv32a/runs/nosynthcmds/logs/synthesis/12-yosys.log |& tee >&@stdout"

Wed Aug 16 12:27:12 UTC 2023 - Executing "sed -i -e {s/\(set ::env(CURRENT_NETLIST)\).*/\1 \/openLANE_flow\/designs\/picorv32a\/runs\/nosynthcmds\/results\/synthesis\/picorv32a.synthesis.v/} /openLANE_flow/designs/picorv32a/runs/nosynthcmds/config.tcl"

Wed Aug 16 12:27:12 UTC 2023 - Executing "sed -i -e {s/\(set ::env(PREV_NETLIST)\).*/\1 \/openLANE_flow\/designs\/picorv32a\/runs\/nosynthcmds\/results\/synthesis\/picorv32a.synthesis_optimized.v/} /openLANE_flow/designs/picorv32a/runs/nosynthcmds/config.tcl"

Wed Aug 16 12:27:12 UTC 2023 - Executing "sed -i /defparam/d /openLANE_flow/designs/picorv32a/runs/nosynthcmds/results/synthesis/picorv32a.synthesis.v"

Wed Aug 16 12:27:13 UTC 2023 - Executing "sta /openLANE_flow/scripts/sta.tcl |& tee >&@stdout /openLANE_flow/designs/picorv32a/runs/nosynthcmds/logs/synthesis/13-opensta"

Wed Aug 16 12:28:55 UTC 2023 - Executing "openroad -exit /openLANE_flow/scripts/openroad/or_floorplan.tcl |& tee >&@stdout /openLANE_flow/designs/picorv32a/runs/nosynthcmds/logs/floorplan/14-verilog2def.openroad.log"

Wed Aug 16 12:28:59 UTC 2023 - Executing "openroad -exit /openLANE_flow/scripts/openroad/or_ioplacer.tcl |& tee >&@stdout /openLANE_flow/designs/picorv32a/runs/nosynthcmds/logs/floorplan/15-ioPlacer.log"

Wed Aug 16 12:29:02 UTC 2023 - Executing "openroad -exit /openLANE_flow/scripts/openroad/or_replace.tcl |& tee >&@stdout /openLANE_flow/designs/picorv32a/runs/nosynthcmds/logs/placement/16-replace.log"

Wed Aug 16 12:29:25 UTC 2023 - Executing "openroad -exit /openLANE_flow/scripts/openroad/or_tapcell.tcl |& tee >&@stdout /openLANE_flow/designs/picorv32a/runs/nosynthcmds/logs/floorplan/17-tapcell.log"

Wed Aug 16 12:29:30 UTC 2023 - Executing "openroad -exit /openLANE_flow/scripts/openroad/or_replace.tcl |& tee >&@stdout /openLANE_flow/designs/picorv32a/runs/nosynthcmds/logs/placement/18-replace.log"

Wed Aug 16 12:29:44 UTC 2023 - Executing "openroad -exit /openLANE_flow/scripts/openroad/or_resizer.tcl |& tee >&@stdout /openLANE_flow/designs/picorv32a/runs/nosynthcmds/logs/placement/18-resizer.log"

Wed Aug 16 12:29:54 UTC 2023 - Executing "openroad -exit /openLANE_flow/scripts/openroad/or_write_verilog.tcl |& tee >&@stdout /openLANE_flow/designs/picorv32a/runs/nosynthcmds/logs/19-write_verilog.log"

Wed Aug 16 12:29:55 UTC 2023 - Executing "sed -i -e {s/\(set ::env(CURRENT_NETLIST)\).*/\1 \/openLANE_flow\/designs\/picorv32a\/runs\/nosynthcmds\/results\/synthesis\/picorv32a.synthesis_optimized.v/} /openLANE_flow/designs/picorv32a/runs/nosynthcmds/config.tcl"

Wed Aug 16 12:29:55 UTC 2023 - Executing "sed -i -e {s/\(set ::env(PREV_NETLIST)\).*/\1 \/openLANE_flow\/designs\/picorv32a\/runs\/nosynthcmds\/results\/synthesis\/picorv32a.synthesis.v/} /openLANE_flow/designs/picorv32a/runs/nosynthcmds/config.tcl"

Wed Aug 16 12:29:55 UTC 2023 - Executing "sta /openLANE_flow/scripts/sta.tcl |& tee >&@stdout /openLANE_flow/designs/picorv32a/runs/nosynthcmds/logs/synthesis/20-opensta_post_resizer"

Wed Aug 16 12:29:56 UTC 2023 - Executing "openroad -exit /openLANE_flow/scripts/openroad/or_opendp.tcl |& tee >&@stdout /openLANE_flow/designs/picorv32a/runs/nosynthcmds/logs/placement/21-opendp.log"

Wed Aug 16 12:29:58 UTC 2023 - Executing "bash /openLANE_flow/scripts/klayout/scrotLayout.sh /home/vsduser/Desktop/work/tools/openlane_working_dir/pdks/sky130A/libs.tech/klayout/sky130A.lyt /openLANE_flow/designs/picorv32a/runs/nosynthcmds/results/placement/picorv32a.placement.def |& tee >&@stdout /openLANE_flow/designs/picorv32a/runs/nosynthcmds/logs/klayout/22-klayout.scrot.log"

Wed Aug 16 12:30:05 UTC 2023 - Executing "/openLANE_flow/scripts/libtrim.pl /openLANE_flow/designs/picorv32a/src/sky130_fd_sc_hd__typical.lib /openLANE_flow/designs/picorv32a/runs/nosynthcmds/tmp/cts.lib.exclude.list > /openLANE_flow/designs/picorv32a/runs/nosynthcmds/tmp/cts.lib"

Wed Aug 16 12:30:05 UTC 2023 - Executing "openroad -exit /openLANE_flow/scripts/openroad/or_cts.tcl |& tee >&@stdout /openLANE_flow/designs/picorv32a/runs/nosynthcmds/logs/cts/23-cts.log"

Wed Aug 16 12:31:29 UTC 2023 - Executing "openroad -exit /openLANE_flow/scripts/openroad/or_write_verilog.tcl |& tee >&@stdout /openLANE_flow/designs/picorv32a/runs/nosynthcmds/logs/24-write_verilog.log"

Wed Aug 16 12:31:30 UTC 2023 - Executing "sed -i -e {s/\(set ::env(CURRENT_NETLIST)\).*/\1 \/openLANE_flow\/designs\/picorv32a\/runs\/nosynthcmds\/results\/synthesis\/picorv32a.synthesis_cts.v/} /openLANE_flow/designs/picorv32a/runs/nosynthcmds/config.tcl"

Wed Aug 16 12:31:30 UTC 2023 - Executing "sed -i -e {s/\(set ::env(PREV_NETLIST)\).*/\1 \/openLANE_flow\/designs\/picorv32a\/runs\/nosynthcmds\/results\/synthesis\/picorv32a.synthesis_optimized.v/} /openLANE_flow/designs/picorv32a/runs/nosynthcmds/config.tcl"

Wed Aug 16 12:31:30 UTC 2023 - Executing "bash /openLANE_flow/scripts/klayout/scrotLayout.sh /home/vsduser/Desktop/work/tools/openlane_working_dir/pdks/sky130A/libs.tech/klayout/sky130A.lyt /openLANE_flow/designs/picorv32a/runs/nosynthcmds/results/cts/picorv32a.cts.def |& tee >&@stdout /openLANE_flow/designs/picorv32a/runs/nosynthcmds/logs/klayout/25-klayout.scrot.log"

Wed Aug 16 12:38:15 UTC 2023 - Executing "openroad -exit /openLANE_flow/scripts/openroad/or_cts.tcl |& tee >&@stdout /openLANE_flow/designs/picorv32a/runs/nosynthcmds/logs/cts/26-cts.log"

Wed Aug 16 12:38:52 UTC 2023 - Executing "python3 /openLANE_flow/report_generation_wrapper.py -d /openLANE_flow/designs/picorv32a -dn picorv32a -t nosynthcmds -o /openLANE_flow/designs/picorv32a/runs/nosynthcmds/reports/final_summary_report.csv -m /openLANE_flow/designs/picorv32a/runs/nosynthcmds/reports/manufacturability_report.rpt -rs /openLANE_flow/designs/picorv32a/runs/nosynthcmds/reports/runtime_summary_report.rpt -r /openLANE_flow/designs/picorv32a/runs/nosynthcmds"

Wed Aug 16 12:39:08 UTC 2023 - Executing "openroad -exit /openLANE_flow/scripts/openroad/or_cts.tcl |& tee >&@stdout /openLANE_flow/designs/picorv32a/runs/nosynthcmds/logs/cts/27-cts.log"

Wed Aug 16 12:39:49 UTC 2023 - Executing "openroad -exit /openLANE_flow/scripts/openroad/or_write_verilog.tcl |& tee >&@stdout /openLANE_flow/designs/picorv32a/runs/nosynthcmds/logs/28-write_verilog.log"

Wed Aug 16 12:39:50 UTC 2023 - Executing "sed -i -e {s/\(set ::env(CURRENT_NETLIST)\).*/\1 \/openLANE_flow\/designs\/picorv32a\/runs\/nosynthcmds\/results\/synthesis\/picorv32a.synthesis_cts.v/} /openLANE_flow/designs/picorv32a/runs/nosynthcmds/config.tcl"

Wed Aug 16 12:39:50 UTC 2023 - Executing "sed -i -e {s/\(set ::env(PREV_NETLIST)\).*/\1 \/openLANE_flow\/designs\/picorv32a\/runs\/nosynthcmds\/results\/synthesis\/picorv32a.synthesis_cts.v/} /openLANE_flow/designs/picorv32a/runs/nosynthcmds/config.tcl"

Wed Aug 16 12:39:50 UTC 2023 - Executing "bash /openLANE_flow/scripts/klayout/scrotLayout.sh /home/vsduser/Desktop/work/tools/openlane_working_dir/pdks/sky130A/libs.tech/klayout/sky130A.lyt /openLANE_flow/designs/picorv32a/runs/nosynthcmds/results/cts/picorv32a.cts.def |& tee >&@stdout /openLANE_flow/designs/picorv32a/runs/nosynthcmds/logs/klayout/29-klayout.scrot.log"

Wed Aug 16 12:42:01 UTC 2023 - Executing "openroad -exit /openLANE_flow/scripts/openroad/or_pdn.tcl |& tee >&@stdout /openLANE_flow/designs/picorv32a/runs/nosynthcmds/logs/floorplan/30-pdn.log"

Wed Aug 16 12:42:07 UTC 2023 - Executing "openroad -exit /openLANE_flow/scripts/openroad/or_groute.tcl |& tee >&@stdout /openLANE_flow/designs/picorv32a/runs/nosynthcmds/logs/routing/31-fastroute.log"

Wed Aug 16 12:42:21 UTC 2023 - Executing "openroad -exit /openLANE_flow/scripts/openroad/or_fill.tcl |& tee >&@stdout /openLANE_flow/designs/picorv32a/runs/nosynthcmds/logs/routing/32-addspacers.log"

Wed Aug 16 12:42:22 UTC 2023 - Executing "openroad -exit /openLANE_flow/scripts/openroad/or_write_verilog.tcl |& tee >&@stdout /openLANE_flow/designs/picorv32a/runs/nosynthcmds/logs/33-write_verilog.log"

Wed Aug 16 12:42:24 UTC 2023 - Executing "sed -i -e {s/\(set ::env(CURRENT_NETLIST)\).*/\1 \/openLANE_flow\/designs\/picorv32a\/runs\/nosynthcmds\/results\/synthesis\/picorv32a.synthesis_preroute.v/} /openLANE_flow/designs/picorv32a/runs/nosynthcmds/config.tcl"

Wed Aug 16 12:42:24 UTC 2023 - Executing "sed -i -e {s/\(set ::env(PREV_NETLIST)\).*/\1 \/openLANE_flow\/designs\/picorv32a\/runs\/nosynthcmds\/results\/synthesis\/picorv32a.synthesis_cts.v/} /openLANE_flow/designs/picorv32a/runs/nosynthcmds/config.tcl"

Wed Aug 16 12:42:24 UTC 2023 - Executing "envsubst < /openLANE_flow/scripts/tritonRoute.param > /openLANE_flow/designs/picorv32a/runs/nosynthcmds/tmp/routing/34-tritonRoute.param"

Wed Aug 16 12:42:24 UTC 2023 - Executing "TritonRoute /openLANE_flow/designs/picorv32a/runs/nosynthcmds/tmp/routing/34-tritonRoute.param |& tee >&@stdout /openLANE_flow/designs/picorv32a/runs/nosynthcmds/logs/routing/34-tritonRoute.log"

Wed Aug 16 12:51:25 UTC 2023 - Executing "python3 /openLANE_flow/scripts/tr2klayout.py -i /openLANE_flow/designs/picorv32a/runs/nosynthcmds/reports/routing/34-tritonRoute.drc -o /openLANE_flow/designs/picorv32a/runs/nosynthcmds/reports/routing/34-tritonRoute.klayout.xml --design-name picorv32a"

Wed Aug 16 12:51:25 UTC 2023 - Executing "bash /openLANE_flow/scripts/klayout/scrotLayout.sh /home/vsduser/Desktop/work/tools/openlane_working_dir/pdks/sky130A/libs.tech/klayout/sky130A.lyt /openLANE_flow/designs/picorv32a/runs/nosynthcmds/results/routing/picorv32a.def |& tee >&@stdout /openLANE_flow/designs/picorv32a/runs/nosynthcmds/logs/klayout/35-klayout.scrot.log"

Wed Aug 16 12:51:34 UTC 2023 - Executing "python3 /openLANE_flow/scripts/spef_extractor/main.py -l /openLANE_flow/designs/picorv32a/runs/nosynthcmds/tmp/merged_unpadded.lef -d /openLANE_flow/designs/picorv32a/runs/nosynthcmds/results/routing/picorv32a.def -mw L -ec 1 |& tee >&@stdout /openLANE_flow/designs/picorv32a/runs/nosynthcmds/logs/routing/36-spef_extraction.log"

Wed Aug 16 12:51:46 UTC 2023 - Executing "sta /openLANE_flow/scripts/sta.tcl |& tee >&@stdout /openLANE_flow/designs/picorv32a/runs/nosynthcmds/logs/synthesis/37-opensta_spef"

